<?xml version="1.0" encoding="UTF-8"?>
<!-- Generated by org.testng.reporters.JUnitReportReporter -->
<testsuite hostname="IN-B48C0F3" failures="0" tests="1" name="tests.NavigationTest" time="20.061" errors="0" timestamp="2024-06-20T11:25:39 IST" skipped="0">
  <testcase classname="tests.NavigationTest" name="navigationTest" time="20.061"/>
</testsuite> <!-- tests.NavigationTest -->
