<?xml version="1.0" encoding="UTF-8"?>
<!-- Generated by org.testng.reporters.JUnitReportReporter -->
<testsuite hostname="IN-B48C0F3" failures="0" tests="1" name="tests.BookFlightTest" time="35.231" errors="0" timestamp="2024-06-20T11:25:39 IST" skipped="0">
  <testcase classname="tests.BookFlightTest" name="bookFlightTest" time="35.231"/>
</testsuite> <!-- tests.BookFlightTest -->
