<?xml version="1.0" encoding="UTF-8"?>
<!-- Generated by org.testng.reporters.JUnitReportReporter -->
<testsuite hostname="IN-B48C0F3" failures="0" tests="2" name="tests.WishlistTest" time="30.836" errors="0" timestamp="2024-06-20T11:25:39 IST" skipped="0">
  <testcase classname="tests.WishlistTest" name="bannerTest" time="25.078"/>
  <testcase classname="tests.WishlistTest" name="wishlistTest" time="5.758"/>
</testsuite> <!-- tests.WishlistTest -->
