<?xml version="1.0" encoding="UTF-8"?>
<!-- Generated by org.testng.reporters.JUnitReportReporter -->
<testsuite hostname="IN-B48C0F3" failures="0" tests="1" name="tests.CompareTest" time="25.545" errors="0" timestamp="2024-06-20T11:25:39 IST" skipped="0">
  <testcase classname="tests.CompareTest" name="compareTest" time="25.545"/>
</testsuite> <!-- tests.CompareTest -->
