<?xml version="1.0" encoding="UTF-8"?>
<!-- Generated by org.testng.reporters.JUnitReportReporter -->
<testsuite hostname="IN-B48C0F3" failures="0" tests="2" name="tests.FilterTest" time="25.825" errors="0" timestamp="2024-06-20T11:25:39 IST" skipped="0">
  <testcase classname="tests.FilterTest" name="bannerTest" time="20.264"/>
  <testcase classname="tests.FilterTest" name="filterTest" time="5.561"/>
</testsuite> <!-- tests.FilterTest -->
