<?xml version="1.0" encoding="UTF-8"?>
<!-- Generated by org.testng.reporters.JUnitReportReporter -->
<testsuite hostname="IN-B48C0F3" failures="0" tests="1" name="tests.SearchTest" time="12.694" errors="0" timestamp="2024-06-20T11:25:39 IST" skipped="0">
  <testcase classname="tests.SearchTest" name="searchTest" time="12.694"/>
</testsuite> <!-- tests.SearchTest -->
