<?xml version="1.0" encoding="UTF-8"?>
<!-- Generated by org.testng.reporters.JUnitReportReporter -->
<testsuite hostname="IN-B48C0F3" failures="0" tests="2" name="tests.WishlistTest" time="10.359" errors="0" timestamp="2024-06-15T18:36:19 IST" skipped="0">
  <testcase classname="tests.WishlistTest" name="bannerTest" time="6.764"/>
  <testcase classname="tests.WishlistTest" name="wishlistTest" time="3.595"/>
</testsuite> <!-- tests.WishlistTest -->
