<?xml version="1.0" encoding="UTF-8"?>
<!-- Generated by org.testng.reporters.JUnitReportReporter -->
<testsuite hostname="IN-B48C0F3" failures="0" tests="1" name="tests.SellerTest" time="7.623" errors="0" timestamp="2024-06-15T18:36:19 IST" skipped="0">
  <testcase classname="tests.SellerTest" name="sellerTest" time="7.623"/>
</testsuite> <!-- tests.SellerTest -->
