<?xml version="1.0" encoding="UTF-8"?>
<!-- Generated by org.testng.reporters.JUnitReportReporter -->
<testsuite hostname="IN-B48C0F3" failures="0" tests="1" name="tests.DownloadTest" time="13.549" errors="0" timestamp="2024-06-15T18:36:19 IST" skipped="0">
  <testcase classname="tests.DownloadTest" name="downloadTest" time="13.549"/>
</testsuite> <!-- tests.DownloadTest -->
